[debug] [2021-04-26T15:51:25.299Z] ----------------------------------------------------------------------
[debug] [2021-04-26T15:51:25.302Z] Command:       C:\Program Files\nodejs\node.exe C:\Users\win\AppData\Roaming\npm\node_modules\firebase-tools\lib\bin\firebase.js emulators:start
[debug] [2021-04-26T15:51:25.303Z] CLI Version:   9.10.0
[debug] [2021-04-26T15:51:25.303Z] Platform:      win32
[debug] [2021-04-26T15:51:25.303Z] Node Version:  v14.15.4
[debug] [2021-04-26T15:51:25.304Z] Time:          Mon Apr 26 2021 21:21:25 GMT+0530 (India Standard Time)
[debug] [2021-04-26T15:51:25.304Z] ----------------------------------------------------------------------
[debug] 
[debug] [2021-04-26T15:51:25.342Z] > command requires scopes: ["email","openid","https://www.googleapis.com/auth/cloudplatformprojects.readonly","https://www.googleapis.com/auth/firebase","https://www.googleapis.com/auth/cloud-platform"]
[debug] [2021-04-26T15:51:25.342Z] > authorizing via signed-in user (kshitijdhande38@gmail.com)
[info] i  emulators: Starting emulators: functions, hosting {"metadata":{"emulator":{"name":"hub"},"message":"Starting emulators: functions, hosting"}}
[debug] [2021-04-26T15:51:25.434Z] [hub] writing locator at C:\Users\win\AppData\Local\Temp\hub-clone-30dbb.json
[warn] !  functions: The following emulators are not running, calls to these services from the Functions emulator will affect production: auth, firestore, database, pubsub {"metadata":{"emulator":{"name":"functions"},"message":"The following emulators are not running, calls to these services from the Functions emulator will affect production: \u001b[1mauth, firestore, database, pubsub\u001b[22m"}}
[warn] !  Your requested "node" version "12" doesn't match your global version "14" {"metadata":{"emulator":{"name":"functions"},"message":"Your requested \"node\" version \"12\" doesn't match your global version \"14\""}}
[debug] [2021-04-26T15:51:25.486Z] defaultcredentials: writing to file C:\Users\win\AppData\Roaming\firebase\kshitijdhande38_gmail_com_application_default_credentials.json
[debug] [2021-04-26T15:51:25.490Z] Setting GAC to C:\Users\win\AppData\Roaming\firebase\kshitijdhande38_gmail_com_application_default_credentials.json {"metadata":{"emulator":{"name":"functions"},"message":"Setting GAC to C:\\Users\\win\\AppData\\Roaming\\firebase\\kshitijdhande38_gmail_com_application_default_credentials.json"}}
[debug] [2021-04-26T15:51:25.492Z] > refreshing access token with scopes: []
[debug] [2021-04-26T15:51:25.493Z] >>> HTTP REQUEST POST https://www.googleapis.com/oauth2/v3/token  
 <request body omitted>
[debug] [2021-04-26T15:51:25.951Z] <<< HTTP RESPONSE 200 {"expires":"Mon, 01 Jan 1990 00:00:00 GMT","date":"Mon, 26 Apr 2021 15:51:27 GMT","pragma":"no-cache","cache-control":"no-cache, no-store, max-age=0, must-revalidate","content-type":"application/json; charset=utf-8","vary":"X-Origin, Referer, Origin,Accept-Encoding","server":"scaffolding on HTTPServer2","x-xss-protection":"0","x-frame-options":"SAMEORIGIN","x-content-type-options":"nosniff","alt-svc":"h3-29=\":443\"; ma=2592000,h3-T051=\":443\"; ma=2592000,h3-Q050=\":443\"; ma=2592000,h3-Q046=\":443\"; ma=2592000,h3-Q043=\":443\"; ma=2592000,quic=\":443\"; ma=2592000; v=\"46,43\"","accept-ranges":"none","transfer-encoding":"chunked"}
[debug] [2021-04-26T15:51:26.013Z] >>> [apiv2][query] GET https://firebase.googleapis.com/v1beta1/projects/clone-30dbb/adminSdkConfig [none]
[debug] [2021-04-26T15:51:27.102Z] <<< [apiv2][status] GET https://firebase.googleapis.com/v1beta1/projects/clone-30dbb/adminSdkConfig 200
[debug] [2021-04-26T15:51:27.102Z] <<< [apiv2][body] GET https://firebase.googleapis.com/v1beta1/projects/clone-30dbb/adminSdkConfig {"projectId":"clone-30dbb","storageBucket":"clone-30dbb.appspot.com"}
[debug] [2021-04-26T15:51:27.278Z] >>> [apiv2][query] GET https://firebase.googleapis.com/v1beta1/projects/clone-30dbb/webApps/-/config [none]
[debug] [2021-04-26T15:51:28.954Z] <<< [apiv2][status] GET https://firebase.googleapis.com/v1beta1/projects/clone-30dbb/webApps/-/config 200
[debug] [2021-04-26T15:51:28.954Z] <<< [apiv2][body] GET https://firebase.googleapis.com/v1beta1/projects/clone-30dbb/webApps/-/config {"projectId":"clone-30dbb","appId":"1:872076817484:web:dff97c150373667bf270e9","storageBucket":"clone-30dbb.appspot.com","apiKey":"AIzaSyDgV862fNMqND5PP7dL0paRnj71wBUEcko","authDomain":"clone-30dbb.firebaseapp.com","messagingSenderId":"872076817484","measurementId":"G-1E5H8SN087"}
[info] i  hosting: Serving hosting files from: build {"metadata":{"emulator":{"name":"hosting"},"message":"Serving hosting files from: \u001b[1mbuild\u001b[22m"}}
[info] +  hosting: Local server: http://localhost:5000 {"metadata":{"emulator":{"name":"hosting"},"message":"Local server: \u001b[4m\u001b[1mhttp://localhost:5000\u001b[22m\u001b[24m"}}
[debug] [2021-04-26T15:51:29.089Z] Ignoring unsupported arg: auto_download {"metadata":{"emulator":{"name":"ui"},"message":"Ignoring unsupported arg: auto_download"}}
[debug] [2021-04-26T15:51:29.089Z] Ignoring unsupported arg: port {"metadata":{"emulator":{"name":"ui"},"message":"Ignoring unsupported arg: port"}}
[debug] [2021-04-26T15:51:29.089Z] Starting Emulator UI with command {"binary":"node","args":["C:\\Users\\win\\.cache\\firebase\\emulators\\ui-v1.4.2\\server.bundle.js"],"optionalArgs":[],"joinArgs":false} {"metadata":{"emulator":{"name":"ui"},"message":"Starting Emulator UI with command {\"binary\":\"node\",\"args\":[\"C:\\\\Users\\\\win\\\\.cache\\\\firebase\\\\emulators\\\\ui-v1.4.2\\\\server.bundle.js\"],\"optionalArgs\":[],\"joinArgs\":false}"}}
[info] i  ui: Emulator UI logging to ui-debug.log {"metadata":{"emulator":{"name":"ui"},"message":"Emulator UI logging to \u001b[1mui-debug.log\u001b[22m"}}
[debug] [2021-04-26T15:51:29.391Z] Web / API server started at http://localhost:4000
 {"metadata":{"emulator":{"name":"ui"},"message":"Web / API server started at http://localhost:4000\n"}}
[info] i  functions: Watching "C:\Users\win\Desktop\amazon-clone\functions" for Cloud Functions... {"metadata":{"emulator":{"name":"functions"},"message":"Watching \"C:\\Users\\win\\Desktop\\amazon-clone\\functions\" for Cloud Functions..."}}
[debug] [2021-04-26T15:51:29.642Z] [worker-pool] addWorker(~diagnostic~) {"metadata":{"emulator":{"name":"functions"},"message":"[worker-pool] addWorker(~diagnostic~)"}}
[debug] [2021-04-26T15:51:29.643Z] [worker-pool] Adding worker with key ~diagnostic~, total=1 {"metadata":{"emulator":{"name":"functions"},"message":"[worker-pool] Adding worker with key ~diagnostic~, total=1"}}
[debug] [2021-04-26T15:51:29.643Z] [worker-pool] submitWork(triggerId=) {"metadata":{"emulator":{"name":"functions"},"message":"[worker-pool] submitWork(triggerId=)"}}
[debug] [2021-04-26T15:51:29.644Z] [worker-~diagnostic~-381151f7-448e-47ca-9d57-34ac8c0d715a]: Assigning socketPath: \\?\pipe\C:\Users\win\Desktop\amazon-clone\functions\7504 {"metadata":{"emulator":{"name":"functions"},"message":"[worker-~diagnostic~-381151f7-448e-47ca-9d57-34ac8c0d715a]: Assigning socketPath: \\\\?\\pipe\\C:\\Users\\win\\Desktop\\amazon-clone\\functions\\7504"}}
[debug] [2021-04-26T15:51:29.645Z] [worker-~diagnostic~-381151f7-448e-47ca-9d57-34ac8c0d715a]: BUSY {"metadata":{"emulator":{"name":"functions"},"message":"[worker-~diagnostic~-381151f7-448e-47ca-9d57-34ac8c0d715a]: BUSY"}}
